<?xml version="1.0" encoding="UTF-8"?>
<!-- Generated by org.testng.reporters.JUnitReportReporter -->
<testsuite skipped="0" hostname="Rashmis-MacBook-Pro.local" name="runners.RunnerTests" tests="3" failures="0" timestamp="13 Mar 2023 19:13:49 GMT" time="10.270" errors="0">
  <testcase name="runScenario" time="3.697" classname="runners.RunnerTests"/>
  <testcase name="runScenario" time="3.641" classname="runners.RunnerTests"/>
  <testcase name="runScenario" time="2.932" classname="runners.RunnerTests"/>
</testsuite> <!-- runners.RunnerTests -->
